<?xml version="1.0"?>
<testsuites>
  <testsuite name="PhantomJS 1.9.7 (Linux)" package="" timestamp="2014-04-20T19:02:29" id="0" hostname="kali" tests="0" errors="1" failures="0" time="0">
    <properties>
      <property name="browser.fullName" value="Mozilla/5.0 (Unknown; Linux x86_64) AppleWebKit/534.34 (KHTML, like Gecko) PhantomJS/1.9.7 Safari/534.34"/>
    </properties>
    <system-out><![CDATA[
]]></system-out>
    <system-err/>
  </testsuite>
</testsuites>
